2015-10-24 21:21:22,812 - Trying to use logger class org.apache.velocity.runtime.log.Log4JLogChute
2015-10-24 21:21:22,812 - Using logger class org.apache.velocity.runtime.log.Log4JLogChute
2015-10-24 21:21:22,812 - Default ResourceManager initializing. (class org.apache.velocity.runtime.resource.ResourceManagerImpl)
2015-10-24 21:21:22,812 - ResourceLoader instantiated: org.apache.velocity.runtime.resource.loader.FileResourceLoader
2015-10-24 21:21:22,827 - Do unicode file recognition:  false
2015-10-24 21:21:22,827 - FileResourceLoader : adding path '.'
2015-10-24 21:21:22,827 - ResourceCache: initialized (class org.apache.velocity.runtime.resource.ResourceCacheImpl)
2015-10-24 21:21:22,827 - Loaded System Directive: org.apache.velocity.runtime.directive.Literal
2015-10-24 21:21:22,827 - Loaded System Directive: org.apache.velocity.runtime.directive.Macro
2015-10-24 21:21:22,843 - Loaded System Directive: org.apache.velocity.runtime.directive.Parse
2015-10-24 21:21:22,843 - Loaded System Directive: org.apache.velocity.runtime.directive.Include
2015-10-24 21:21:22,843 - Loaded System Directive: org.apache.velocity.runtime.directive.Foreach
2015-10-24 21:21:22,874 - Created '20' parsers.
2015-10-24 21:21:22,890 - Velocimacro : "velocimacro.library" is not set.  Trying default library: VM_global_library.vm
2015-10-24 21:21:22,890 - Velocimacro : Default library not found.
2015-10-24 21:21:22,890 - Velocimacro : allowInline = true : VMs can be defined inline in templates
2015-10-24 21:21:22,890 - Velocimacro : allowInlineToOverride = false : VMs defined inline may NOT replace previous VM definitions
2015-10-24 21:21:22,890 - Velocimacro : allowInlineLocal = false : VMs defined inline will be global in scope if allowed.
2015-10-24 21:21:22,890 - Velocimacro : autoload off : VM system will not automatically reload global library macros
2015-10-24 21:24:14,014 - Log4JLogChute initialized using file 'velocity.log'
2015-10-24 21:24:14,014 - Velocity was not initialized! Calling init()...
2015-10-24 21:24:14,014 - Starting Apache Velocity v1.5 (compiled: 2007-02-22 08:52:29)
2015-10-24 21:24:14,014 - Default Properties File: org\apache\velocity\runtime\defaults\velocity.properties
2015-10-24 21:24:14,014 - Trying to use logger class org.apache.velocity.runtime.log.AvalonLogChute
2015-10-24 21:24:14,014 - Couldn't find class org.apache.velocity.runtime.log.AvalonLogChute or necessary supporting classes in classpath.
java.lang.NoClassDefFoundError: org/apache/log/format/Formatter
	at java.lang.Class.forName0(Native Method)
	at java.lang.Class.forName(Class.java:242)
	at org.apache.velocity.util.ClassUtils.getClass(ClassUtils.java:63)
	at org.apache.velocity.util.ClassUtils.getNewInstance(ClassUtils.java:95)
	at org.apache.velocity.runtime.log.LogManager.createLogChute(LogManager.java:147)
	at org.apache.velocity.runtime.log.LogManager.updateLog(LogManager.java:208)
	at org.apache.velocity.runtime.RuntimeInstance.initializeLog(RuntimeInstance.java:728)
	at org.apache.velocity.runtime.RuntimeInstance.init(RuntimeInstance.java:240)
	at org.apache.velocity.runtime.RuntimeInstance.parse(RuntimeInstance.java:993)
	at org.apache.velocity.runtime.RuntimeInstance.parse(RuntimeInstance.java:972)
	at org.apache.velocity.runtime.RuntimeSingleton.parse(RuntimeSingleton.java:265)
	at org.apache.velocity.app.Velocity.evaluate(Velocity.java:274)
	at org.sonatype.mavenbook.weather.WeatherFormatter.format(WeatherFormatter.java:21)
	at org.sonatype.mavenbook.weather.yahoo.WeatherFormatterTest.testFormat(WeatherFormatterTest.java:23)
	at sun.reflect.NativeMethodAccessorImpl.invoke0(Native Method)
	at sun.reflect.NativeMethodAccessorImpl.invoke(NativeMethodAccessorImpl.java:39)
	at sun.reflect.DelegatingMethodAccessorImpl.invoke(DelegatingMethodAccessorImpl.java:25)
	at java.lang.reflect.Method.invoke(Method.java:592)
	at junit.framework.TestCase.runTest(TestCase.java:154)
	at junit.framework.TestCase.runBare(TestCase.java:127)
	at junit.framework.TestResult$1.protect(TestResult.java:106)
	at junit.framework.TestResult.runProtected(TestResult.java:124)
	at junit.framework.TestResult.run(TestResult.java:109)
	at junit.framework.TestCase.run(TestCase.java:118)
	at junit.framework.TestSuite.runTest(TestSuite.java:208)
	at junit.framework.TestSuite.run(TestSuite.java:203)
	at sun.reflect.NativeMethodAccessorImpl.invoke0(Native Method)
	at sun.reflect.NativeMethodAccessorImpl.invoke(NativeMethodAccessorImpl.java:39)
	at sun.reflect.DelegatingMethodAccessorImpl.invoke(DelegatingMethodAccessorImpl.java:25)
	at java.lang.reflect.Method.invoke(Method.java:592)
	at org.apache.maven.surefire.junit.JUnitTestSet.execute(JUnitTestSet.java:95)
	at org.apache.maven.surefire.junit.JUnit3Provider.executeTestSet(JUnit3Provider.java:121)
	at org.apache.maven.surefire.junit.JUnit3Provider.invoke(JUnit3Provider.java:98)
	at sun.reflect.NativeMethodAccessorImpl.invoke0(Native Method)
	at sun.reflect.NativeMethodAccessorImpl.invoke(NativeMethodAccessorImpl.java:39)
	at sun.reflect.DelegatingMethodAccessorImpl.invoke(DelegatingMethodAccessorImpl.java:25)
	at java.lang.reflect.Method.invoke(Method.java:592)
	at org.apache.maven.surefire.util.ReflectionUtils.invokeMethodWithArray(ReflectionUtils.java:189)
	at org.apache.maven.surefire.booter.ProviderFactory$ProviderProxy.invoke(ProviderFactory.java:165)
	at org.apache.maven.surefire.booter.ProviderFactory.invokeProvider(ProviderFactory.java:85)
	at org.apache.maven.surefire.booter.ForkedBooter.runSuitesInProcess(ForkedBooter.java:115)
	at org.apache.maven.surefire.booter.ForkedBooter.main(ForkedBooter.java:75)
2015-10-24 21:24:14,014 - Trying to use logger class org.apache.velocity.runtime.log.Log4JLogChute
2015-10-24 21:24:14,014 - Using logger class org.apache.velocity.runtime.log.Log4JLogChute
2015-10-24 21:24:14,014 - Default ResourceManager initializing. (class org.apache.velocity.runtime.resource.ResourceManagerImpl)
2015-10-24 21:24:14,030 - ResourceLoader instantiated: org.apache.velocity.runtime.resource.loader.FileResourceLoader
2015-10-24 21:24:14,030 - Do unicode file recognition:  false
2015-10-24 21:24:14,030 - FileResourceLoader : adding path '.'
2015-10-24 21:24:14,046 - ResourceCache: initialized (class org.apache.velocity.runtime.resource.ResourceCacheImpl)
2015-10-24 21:24:14,046 - Loaded System Directive: org.apache.velocity.runtime.directive.Literal
2015-10-24 21:24:14,046 - Loaded System Directive: org.apache.velocity.runtime.directive.Macro
2015-10-24 21:24:14,046 - Loaded System Directive: org.apache.velocity.runtime.directive.Parse
2015-10-24 21:24:14,046 - Loaded System Directive: org.apache.velocity.runtime.directive.Include
2015-10-24 21:24:14,046 - Loaded System Directive: org.apache.velocity.runtime.directive.Foreach
2015-10-24 21:24:14,093 - Created '20' parsers.
2015-10-24 21:24:14,108 - Velocimacro : "velocimacro.library" is not set.  Trying default library: VM_global_library.vm
2015-10-24 21:24:14,108 - Velocimacro : Default library not found.
2015-10-24 21:24:14,108 - Velocimacro : allowInline = true : VMs can be defined inline in templates
2015-10-24 21:24:14,108 - Velocimacro : allowInlineToOverride = false : VMs defined inline may NOT replace previous VM definitions
2015-10-24 21:24:14,108 - Velocimacro : allowInlineLocal = false : VMs defined inline will be global in scope if allowed.
2015-10-24 21:24:14,108 - Velocimacro : autoload off : VM system will not automatically reload global library macros
2015-10-24 21:43:32,412 - Log4JLogChute initialized using file 'velocity.log'
2015-10-24 21:43:32,412 - Velocity was not initialized! Calling init()...
2015-10-24 21:43:32,412 - Starting Apache Velocity v1.5 (compiled: 2007-02-22 08:52:29)
2015-10-24 21:43:32,412 - Default Properties File: org\apache\velocity\runtime\defaults\velocity.properties
2015-10-24 21:43:32,412 - Trying to use logger class org.apache.velocity.runtime.log.AvalonLogChute
2015-10-24 21:43:32,412 - Couldn't find class org.apache.velocity.runtime.log.AvalonLogChute or necessary supporting classes in classpath.
java.lang.NoClassDefFoundError: org/apache/log/format/Formatter
	at java.lang.Class.forName0(Native Method)
	at java.lang.Class.forName(Class.java:242)
	at org.apache.velocity.util.ClassUtils.getClass(ClassUtils.java:63)
	at org.apache.velocity.util.ClassUtils.getNewInstance(ClassUtils.java:95)
	at org.apache.velocity.runtime.log.LogManager.createLogChute(LogManager.java:147)
	at org.apache.velocity.runtime.log.LogManager.updateLog(LogManager.java:208)
	at org.apache.velocity.runtime.RuntimeInstance.initializeLog(RuntimeInstance.java:728)
	at org.apache.velocity.runtime.RuntimeInstance.init(RuntimeInstance.java:240)
	at org.apache.velocity.runtime.RuntimeInstance.parse(RuntimeInstance.java:993)
	at org.apache.velocity.runtime.RuntimeInstance.parse(RuntimeInstance.java:972)
	at org.apache.velocity.runtime.RuntimeSingleton.parse(RuntimeSingleton.java:265)
	at org.apache.velocity.app.Velocity.evaluate(Velocity.java:274)
	at org.sonatype.mavenbook.weather.WeatherFormatter.format(WeatherFormatter.java:21)
	at org.sonatype.mavenbook.weather.yahoo.WeatherFormatterTest.testFormat(WeatherFormatterTest.java:23)
	at sun.reflect.NativeMethodAccessorImpl.invoke0(Native Method)
	at sun.reflect.NativeMethodAccessorImpl.invoke(NativeMethodAccessorImpl.java:39)
	at sun.reflect.DelegatingMethodAccessorImpl.invoke(DelegatingMethodAccessorImpl.java:25)
	at java.lang.reflect.Method.invoke(Method.java:592)
	at junit.framework.TestCase.runTest(TestCase.java:154)
	at junit.framework.TestCase.runBare(TestCase.java:127)
	at junit.framework.TestResult$1.protect(TestResult.java:106)
	at junit.framework.TestResult.runProtected(TestResult.java:124)
	at junit.framework.TestResult.run(TestResult.java:109)
	at junit.framework.TestCase.run(TestCase.java:118)
	at junit.framework.TestSuite.runTest(TestSuite.java:208)
	at junit.framework.TestSuite.run(TestSuite.java:203)
	at sun.reflect.NativeMethodAccessorImpl.invoke0(Native Method)
	at sun.reflect.NativeMethodAccessorImpl.invoke(NativeMethodAccessorImpl.java:39)
	at sun.reflect.DelegatingMethodAccessorImpl.invoke(DelegatingMethodAccessorImpl.java:25)
	at java.lang.reflect.Method.invoke(Method.java:592)
	at org.apache.maven.surefire.junit.JUnitTestSet.execute(JUnitTestSet.java:95)
	at org.apache.maven.surefire.junit.JUnit3Provider.executeTestSet(JUnit3Provider.java:121)
	at org.apache.maven.surefire.junit.JUnit3Provider.invoke(JUnit3Provider.java:98)
	at sun.reflect.NativeMethodAccessorImpl.invoke0(Native Method)
	at sun.reflect.NativeMethodAccessorImpl.invoke(NativeMethodAccessorImpl.java:39)
	at sun.reflect.DelegatingMethodAccessorImpl.invoke(DelegatingMethodAccessorImpl.java:25)
	at java.lang.reflect.Method.invoke(Method.java:592)
	at org.apache.maven.surefire.util.ReflectionUtils.invokeMethodWithArray(ReflectionUtils.java:189)
	at org.apache.maven.surefire.booter.ProviderFactory$ProviderProxy.invoke(ProviderFactory.java:165)
	at org.apache.maven.surefire.booter.ProviderFactory.invokeProvider(ProviderFactory.java:85)
	at org.apache.maven.surefire.booter.ForkedBooter.runSuitesInProcess(ForkedBooter.java:115)
	at org.apache.maven.surefire.booter.ForkedBooter.main(ForkedBooter.java:75)
2015-10-24 21:43:32,412 - Trying to use logger class org.apache.velocity.runtime.log.Log4JLogChute
2015-10-24 21:43:32,412 - Using logger class org.apache.velocity.runtime.log.Log4JLogChute
2015-10-24 21:43:32,412 - Default ResourceManager initializing. (class org.apache.velocity.runtime.resource.ResourceManagerImpl)
2015-10-24 21:43:32,412 - ResourceLoader instantiated: org.apache.velocity.runtime.resource.loader.FileResourceLoader
2015-10-24 21:43:32,412 - Do unicode file recognition:  false
2015-10-24 21:43:32,412 - FileResourceLoader : adding path '.'
2015-10-24 21:43:32,428 - ResourceCache: initialized (class org.apache.velocity.runtime.resource.ResourceCacheImpl)
2015-10-24 21:43:32,428 - Loaded System Directive: org.apache.velocity.runtime.directive.Literal
2015-10-24 21:43:32,428 - Loaded System Directive: org.apache.velocity.runtime.directive.Macro
2015-10-24 21:43:32,428 - Loaded System Directive: org.apache.velocity.runtime.directive.Parse
2015-10-24 21:43:32,428 - Loaded System Directive: org.apache.velocity.runtime.directive.Include
2015-10-24 21:43:32,428 - Loaded System Directive: org.apache.velocity.runtime.directive.Foreach
2015-10-24 21:43:32,474 - Created '20' parsers.
2015-10-24 21:43:32,490 - Velocimacro : "velocimacro.library" is not set.  Trying default library: VM_global_library.vm
2015-10-24 21:43:32,490 - Velocimacro : Default library not found.
2015-10-24 21:43:32,490 - Velocimacro : allowInline = true : VMs can be defined inline in templates
2015-10-24 21:43:32,490 - Velocimacro : allowInlineToOverride = false : VMs defined inline may NOT replace previous VM definitions
2015-10-24 21:43:32,490 - Velocimacro : allowInlineLocal = false : VMs defined inline will be global in scope if allowed.
2015-10-24 21:43:32,490 - Velocimacro : autoload off : VM system will not automatically reload global library macros
2015-10-24 21:43:42,111 - Log4JLogChute initialized using file 'velocity.log'
2015-10-24 21:43:42,111 - Velocity was not initialized! Calling init()...
2015-10-24 21:43:42,111 - Starting Apache Velocity v1.5 (compiled: 2007-02-22 08:52:29)
2015-10-24 21:43:42,111 - Default Properties File: org\apache\velocity\runtime\defaults\velocity.properties
2015-10-24 21:43:42,111 - Trying to use logger class org.apache.velocity.runtime.log.AvalonLogChute
2015-10-24 21:43:42,111 - Couldn't find class org.apache.velocity.runtime.log.AvalonLogChute or necessary supporting classes in classpath.
java.lang.NoClassDefFoundError: org/apache/log/format/Formatter
	at java.lang.Class.forName0(Native Method)
	at java.lang.Class.forName(Class.java:242)
	at org.apache.velocity.util.ClassUtils.getClass(ClassUtils.java:63)
	at org.apache.velocity.util.ClassUtils.getNewInstance(ClassUtils.java:95)
	at org.apache.velocity.runtime.log.LogManager.createLogChute(LogManager.java:147)
	at org.apache.velocity.runtime.log.LogManager.updateLog(LogManager.java:208)
	at org.apache.velocity.runtime.RuntimeInstance.initializeLog(RuntimeInstance.java:728)
	at org.apache.velocity.runtime.RuntimeInstance.init(RuntimeInstance.java:240)
	at org.apache.velocity.runtime.RuntimeInstance.parse(RuntimeInstance.java:993)
	at org.apache.velocity.runtime.RuntimeInstance.parse(RuntimeInstance.java:972)
	at org.apache.velocity.runtime.RuntimeSingleton.parse(RuntimeSingleton.java:265)
	at org.apache.velocity.app.Velocity.evaluate(Velocity.java:274)
	at org.sonatype.mavenbook.weather.WeatherFormatter.format(WeatherFormatter.java:21)
	at org.sonatype.mavenbook.weather.yahoo.WeatherFormatterTest.testFormat(WeatherFormatterTest.java:23)
	at sun.reflect.NativeMethodAccessorImpl.invoke0(Native Method)
	at sun.reflect.NativeMethodAccessorImpl.invoke(NativeMethodAccessorImpl.java:39)
	at sun.reflect.DelegatingMethodAccessorImpl.invoke(DelegatingMethodAccessorImpl.java:25)
	at java.lang.reflect.Method.invoke(Method.java:592)
	at junit.framework.TestCase.runTest(TestCase.java:154)
	at junit.framework.TestCase.runBare(TestCase.java:127)
	at junit.framework.TestResult$1.protect(TestResult.java:106)
	at junit.framework.TestResult.runProtected(TestResult.java:124)
	at junit.framework.TestResult.run(TestResult.java:109)
	at junit.framework.TestCase.run(TestCase.java:118)
	at junit.framework.TestSuite.runTest(TestSuite.java:208)
	at junit.framework.TestSuite.run(TestSuite.java:203)
	at sun.reflect.NativeMethodAccessorImpl.invoke0(Native Method)
	at sun.reflect.NativeMethodAccessorImpl.invoke(NativeMethodAccessorImpl.java:39)
	at sun.reflect.DelegatingMethodAccessorImpl.invoke(DelegatingMethodAccessorImpl.java:25)
	at java.lang.reflect.Method.invoke(Method.java:592)
	at org.apache.maven.surefire.junit.JUnitTestSet.execute(JUnitTestSet.java:95)
	at org.apache.maven.surefire.junit.JUnit3Provider.executeTestSet(JUnit3Provider.java:121)
	at org.apache.maven.surefire.junit.JUnit3Provider.invoke(JUnit3Provider.java:98)
	at sun.reflect.NativeMethodAccessorImpl.invoke0(Native Method)
	at sun.reflect.NativeMethodAccessorImpl.invoke(NativeMethodAccessorImpl.java:39)
	at sun.reflect.DelegatingMethodAccessorImpl.invoke(DelegatingMethodAccessorImpl.java:25)
	at java.lang.reflect.Method.invoke(Method.java:592)
	at org.apache.maven.surefire.util.ReflectionUtils.invokeMethodWithArray(ReflectionUtils.java:189)
	at org.apache.maven.surefire.booter.ProviderFactory$ProviderProxy.invoke(ProviderFactory.java:165)
	at org.apache.maven.surefire.booter.ProviderFactory.invokeProvider(ProviderFactory.java:85)
	at org.apache.maven.surefire.booter.ForkedBooter.runSuitesInProcess(ForkedBooter.java:115)
	at org.apache.maven.surefire.booter.ForkedBooter.main(ForkedBooter.java:75)
2015-10-24 21:43:42,111 - Trying to use logger class org.apache.velocity.runtime.log.Log4JLogChute
2015-10-24 21:43:42,111 - Using logger class org.apache.velocity.runtime.log.Log4JLogChute
2015-10-24 21:43:42,111 - Default ResourceManager initializing. (class org.apache.velocity.runtime.resource.ResourceManagerImpl)
2015-10-24 21:43:42,111 - ResourceLoader instantiated: org.apache.velocity.runtime.resource.loader.FileResourceLoader
2015-10-24 21:43:42,111 - Do unicode file recognition:  false
2015-10-24 21:43:42,111 - FileResourceLoader : adding path '.'
2015-10-24 21:43:42,127 - ResourceCache: initialized (class org.apache.velocity.runtime.resource.ResourceCacheImpl)
2015-10-24 21:43:42,127 - Loaded System Directive: org.apache.velocity.runtime.directive.Literal
2015-10-24 21:43:42,127 - Loaded System Directive: org.apache.velocity.runtime.directive.Macro
2015-10-24 21:43:42,127 - Loaded System Directive: org.apache.velocity.runtime.directive.Parse
2015-10-24 21:43:42,127 - Loaded System Directive: org.apache.velocity.runtime.directive.Include
2015-10-24 21:43:42,127 - Loaded System Directive: org.apache.velocity.runtime.directive.Foreach
2015-10-24 21:43:42,189 - Created '20' parsers.
2015-10-24 21:43:42,220 - Velocimacro : "velocimacro.library" is not set.  Trying default library: VM_global_library.vm
2015-10-24 21:43:42,220 - Velocimacro : Default library not found.
2015-10-24 21:43:42,220 - Velocimacro : allowInline = true : VMs can be defined inline in templates
2015-10-24 21:43:42,220 - Velocimacro : allowInlineToOverride = false : VMs defined inline may NOT replace previous VM definitions
2015-10-24 21:43:42,220 - Velocimacro : allowInlineLocal = false : VMs defined inline will be global in scope if allowed.
2015-10-24 21:43:42,220 - Velocimacro : autoload off : VM system will not automatically reload global library macros
2015-10-24 21:46:15,733 - Log4JLogChute initialized using file 'velocity.log'
2015-10-24 21:46:15,733 - Velocity was not initialized! Calling init()...
2015-10-24 21:46:15,733 - Starting Apache Velocity v1.5 (compiled: 2007-02-22 08:52:29)
2015-10-24 21:46:15,733 - Default Properties File: org\apache\velocity\runtime\defaults\velocity.properties
2015-10-24 21:46:15,733 - Trying to use logger class org.apache.velocity.runtime.log.AvalonLogChute
2015-10-24 21:46:15,733 - Couldn't find class org.apache.velocity.runtime.log.AvalonLogChute or necessary supporting classes in classpath.
java.lang.NoClassDefFoundError: org/apache/log/format/Formatter
	at java.lang.Class.forName0(Native Method)
	at java.lang.Class.forName(Class.java:242)
	at org.apache.velocity.util.ClassUtils.getClass(ClassUtils.java:63)
	at org.apache.velocity.util.ClassUtils.getNewInstance(ClassUtils.java:95)
	at org.apache.velocity.runtime.log.LogManager.createLogChute(LogManager.java:147)
	at org.apache.velocity.runtime.log.LogManager.updateLog(LogManager.java:208)
	at org.apache.velocity.runtime.RuntimeInstance.initializeLog(RuntimeInstance.java:728)
	at org.apache.velocity.runtime.RuntimeInstance.init(RuntimeInstance.java:240)
	at org.apache.velocity.runtime.RuntimeInstance.parse(RuntimeInstance.java:993)
	at org.apache.velocity.runtime.RuntimeInstance.parse(RuntimeInstance.java:972)
	at org.apache.velocity.runtime.RuntimeSingleton.parse(RuntimeSingleton.java:265)
	at org.apache.velocity.app.Velocity.evaluate(Velocity.java:274)
	at org.sonatype.mavenbook.weather.WeatherFormatter.format(WeatherFormatter.java:21)
	at org.sonatype.mavenbook.weather.yahoo.WeatherFormatterTest.testFormat(WeatherFormatterTest.java:23)
	at sun.reflect.NativeMethodAccessorImpl.invoke0(Native Method)
	at sun.reflect.NativeMethodAccessorImpl.invoke(NativeMethodAccessorImpl.java:39)
	at sun.reflect.DelegatingMethodAccessorImpl.invoke(DelegatingMethodAccessorImpl.java:25)
	at java.lang.reflect.Method.invoke(Method.java:592)
	at junit.framework.TestCase.runTest(TestCase.java:154)
	at junit.framework.TestCase.runBare(TestCase.java:127)
	at junit.framework.TestResult$1.protect(TestResult.java:106)
	at junit.framework.TestResult.runProtected(TestResult.java:124)
	at junit.framework.TestResult.run(TestResult.java:109)
	at junit.framework.TestCase.run(TestCase.java:118)
	at junit.framework.TestSuite.runTest(TestSuite.java:208)
	at junit.framework.TestSuite.run(TestSuite.java:203)
	at sun.reflect.NativeMethodAccessorImpl.invoke0(Native Method)
	at sun.reflect.NativeMethodAccessorImpl.invoke(NativeMethodAccessorImpl.java:39)
	at sun.reflect.DelegatingMethodAccessorImpl.invoke(DelegatingMethodAccessorImpl.java:25)
	at java.lang.reflect.Method.invoke(Method.java:592)
	at org.apache.maven.surefire.junit.JUnitTestSet.execute(JUnitTestSet.java:95)
	at org.apache.maven.surefire.junit.JUnit3Provider.executeTestSet(JUnit3Provider.java:121)
	at org.apache.maven.surefire.junit.JUnit3Provider.invoke(JUnit3Provider.java:98)
	at sun.reflect.NativeMethodAccessorImpl.invoke0(Native Method)
	at sun.reflect.NativeMethodAccessorImpl.invoke(NativeMethodAccessorImpl.java:39)
	at sun.reflect.DelegatingMethodAccessorImpl.invoke(DelegatingMethodAccessorImpl.java:25)
	at java.lang.reflect.Method.invoke(Method.java:592)
	at org.apache.maven.surefire.util.ReflectionUtils.invokeMethodWithArray(ReflectionUtils.java:189)
	at org.apache.maven.surefire.booter.ProviderFactory$ProviderProxy.invoke(ProviderFactory.java:165)
	at org.apache.maven.surefire.booter.ProviderFactory.invokeProvider(ProviderFactory.java:85)
	at org.apache.maven.surefire.booter.ForkedBooter.runSuitesInProcess(ForkedBooter.java:115)
	at org.apache.maven.surefire.booter.ForkedBooter.main(ForkedBooter.java:75)
2015-10-24 21:46:15,733 - Trying to use logger class org.apache.velocity.runtime.log.Log4JLogChute
2015-10-24 21:46:15,733 - Using logger class org.apache.velocity.runtime.log.Log4JLogChute
2015-10-24 21:46:15,733 - Default ResourceManager initializing. (class org.apache.velocity.runtime.resource.ResourceManagerImpl)
2015-10-24 21:46:15,733 - ResourceLoader instantiated: org.apache.velocity.runtime.resource.loader.FileResourceLoader
2015-10-24 21:46:15,733 - Do unicode file recognition:  false
2015-10-24 21:46:15,733 - FileResourceLoader : adding path '.'
2015-10-24 21:46:15,749 - ResourceCache: initialized (class org.apache.velocity.runtime.resource.ResourceCacheImpl)
2015-10-24 21:46:15,749 - Loaded System Directive: org.apache.velocity.runtime.directive.Literal
2015-10-24 21:46:15,749 - Loaded System Directive: org.apache.velocity.runtime.directive.Macro
2015-10-24 21:46:15,764 - Loaded System Directive: org.apache.velocity.runtime.directive.Parse
2015-10-24 21:46:15,764 - Loaded System Directive: org.apache.velocity.runtime.directive.Include
2015-10-24 21:46:15,764 - Loaded System Directive: org.apache.velocity.runtime.directive.Foreach
2015-10-24 21:46:15,795 - Created '20' parsers.
2015-10-24 21:46:15,811 - Velocimacro : "velocimacro.library" is not set.  Trying default library: VM_global_library.vm
2015-10-24 21:46:15,811 - Velocimacro : Default library not found.
2015-10-24 21:46:15,811 - Velocimacro : allowInline = true : VMs can be defined inline in templates
2015-10-24 21:46:15,811 - Velocimacro : allowInlineToOverride = false : VMs defined inline may NOT replace previous VM definitions
2015-10-24 21:46:15,811 - Velocimacro : allowInlineLocal = false : VMs defined inline will be global in scope if allowed.
2015-10-24 21:46:15,811 - Velocimacro : autoload off : VM system will not automatically reload global library macros
2015-10-24 21:46:23,454 - Log4JLogChute initialized using file 'velocity.log'
2015-10-24 21:46:23,454 - Velocity was not initialized! Calling init()...
2015-10-24 21:46:23,454 - Starting Apache Velocity v1.5 (compiled: 2007-02-22 08:52:29)
2015-10-24 21:46:23,454 - Default Properties File: org\apache\velocity\runtime\defaults\velocity.properties
2015-10-24 21:46:23,454 - Trying to use logger class org.apache.velocity.runtime.log.AvalonLogChute
2015-10-24 21:46:23,469 - Couldn't find class org.apache.velocity.runtime.log.AvalonLogChute or necessary supporting classes in classpath.
java.lang.NoClassDefFoundError: org/apache/log/format/Formatter
	at java.lang.Class.forName0(Native Method)
	at java.lang.Class.forName(Class.java:242)
	at org.apache.velocity.util.ClassUtils.getClass(ClassUtils.java:63)
	at org.apache.velocity.util.ClassUtils.getNewInstance(ClassUtils.java:95)
	at org.apache.velocity.runtime.log.LogManager.createLogChute(LogManager.java:147)
	at org.apache.velocity.runtime.log.LogManager.updateLog(LogManager.java:208)
	at org.apache.velocity.runtime.RuntimeInstance.initializeLog(RuntimeInstance.java:728)
	at org.apache.velocity.runtime.RuntimeInstance.init(RuntimeInstance.java:240)
	at org.apache.velocity.runtime.RuntimeInstance.parse(RuntimeInstance.java:993)
	at org.apache.velocity.runtime.RuntimeInstance.parse(RuntimeInstance.java:972)
	at org.apache.velocity.runtime.RuntimeSingleton.parse(RuntimeSingleton.java:265)
	at org.apache.velocity.app.Velocity.evaluate(Velocity.java:274)
	at org.sonatype.mavenbook.weather.WeatherFormatter.format(WeatherFormatter.java:21)
	at org.sonatype.mavenbook.weather.yahoo.WeatherFormatterTest.testFormat(WeatherFormatterTest.java:23)
	at sun.reflect.NativeMethodAccessorImpl.invoke0(Native Method)
	at sun.reflect.NativeMethodAccessorImpl.invoke(NativeMethodAccessorImpl.java:39)
	at sun.reflect.DelegatingMethodAccessorImpl.invoke(DelegatingMethodAccessorImpl.java:25)
	at java.lang.reflect.Method.invoke(Method.java:592)
	at junit.framework.TestCase.runTest(TestCase.java:154)
	at junit.framework.TestCase.runBare(TestCase.java:127)
	at junit.framework.TestResult$1.protect(TestResult.java:106)
	at junit.framework.TestResult.runProtected(TestResult.java:124)
	at junit.framework.TestResult.run(TestResult.java:109)
	at junit.framework.TestCase.run(TestCase.java:118)
	at junit.framework.TestSuite.runTest(TestSuite.java:208)
	at junit.framework.TestSuite.run(TestSuite.java:203)
	at sun.reflect.NativeMethodAccessorImpl.invoke0(Native Method)
	at sun.reflect.NativeMethodAccessorImpl.invoke(NativeMethodAccessorImpl.java:39)
	at sun.reflect.DelegatingMethodAccessorImpl.invoke(DelegatingMethodAccessorImpl.java:25)
	at java.lang.reflect.Method.invoke(Method.java:592)
	at org.apache.maven.surefire.junit.JUnitTestSet.execute(JUnitTestSet.java:95)
	at org.apache.maven.surefire.junit.JUnit3Provider.executeTestSet(JUnit3Provider.java:121)
	at org.apache.maven.surefire.junit.JUnit3Provider.invoke(JUnit3Provider.java:98)
	at sun.reflect.NativeMethodAccessorImpl.invoke0(Native Method)
	at sun.reflect.NativeMethodAccessorImpl.invoke(NativeMethodAccessorImpl.java:39)
	at sun.reflect.DelegatingMethodAccessorImpl.invoke(DelegatingMethodAccessorImpl.java:25)
	at java.lang.reflect.Method.invoke(Method.java:592)
	at org.apache.maven.surefire.util.ReflectionUtils.invokeMethodWithArray(ReflectionUtils.java:189)
	at org.apache.maven.surefire.booter.ProviderFactory$ProviderProxy.invoke(ProviderFactory.java:165)
	at org.apache.maven.surefire.booter.ProviderFactory.invokeProvider(ProviderFactory.java:85)
	at org.apache.maven.surefire.booter.ForkedBooter.runSuitesInProcess(ForkedBooter.java:115)
	at org.apache.maven.surefire.booter.ForkedBooter.main(ForkedBooter.java:75)
2015-10-24 21:46:23,469 - Trying to use logger class org.apache.velocity.runtime.log.Log4JLogChute
2015-10-24 21:46:23,469 - Using logger class org.apache.velocity.runtime.log.Log4JLogChute
2015-10-24 21:46:23,469 - Default ResourceManager initializing. (class org.apache.velocity.runtime.resource.ResourceManagerImpl)
2015-10-24 21:46:23,469 - ResourceLoader instantiated: org.apache.velocity.runtime.resource.loader.FileResourceLoader
2015-10-24 21:46:23,469 - Do unicode file recognition:  false
2015-10-24 21:46:23,469 - FileResourceLoader : adding path '.'
2015-10-24 21:46:23,485 - ResourceCache: initialized (class org.apache.velocity.runtime.resource.ResourceCacheImpl)
2015-10-24 21:46:23,485 - Loaded System Directive: org.apache.velocity.runtime.directive.Literal
2015-10-24 21:46:23,485 - Loaded System Directive: org.apache.velocity.runtime.directive.Macro
2015-10-24 21:46:23,485 - Loaded System Directive: org.apache.velocity.runtime.directive.Parse
2015-10-24 21:46:23,485 - Loaded System Directive: org.apache.velocity.runtime.directive.Include
2015-10-24 21:46:23,485 - Loaded System Directive: org.apache.velocity.runtime.directive.Foreach
2015-10-24 21:46:23,516 - Created '20' parsers.
2015-10-24 21:46:23,548 - Velocimacro : "velocimacro.library" is not set.  Trying default library: VM_global_library.vm
2015-10-24 21:46:23,548 - Velocimacro : Default library not found.
2015-10-24 21:46:23,548 - Velocimacro : allowInline = true : VMs can be defined inline in templates
2015-10-24 21:46:23,548 - Velocimacro : allowInlineToOverride = false : VMs defined inline may NOT replace previous VM definitions
2015-10-24 21:46:23,548 - Velocimacro : allowInlineLocal = false : VMs defined inline will be global in scope if allowed.
2015-10-24 21:46:23,548 - Velocimacro : autoload off : VM system will not automatically reload global library macros
2015-10-24 21:47:30,697 - Log4JLogChute initialized using file 'velocity.log'
2015-10-24 21:47:30,697 - Velocity was not initialized! Calling init()...
2015-10-24 21:47:30,697 - Starting Apache Velocity v1.5 (compiled: 2007-02-22 08:52:29)
2015-10-24 21:47:30,697 - Default Properties File: org\apache\velocity\runtime\defaults\velocity.properties
2015-10-24 21:47:30,697 - Trying to use logger class org.apache.velocity.runtime.log.AvalonLogChute
2015-10-24 21:47:30,697 - Couldn't find class org.apache.velocity.runtime.log.AvalonLogChute or necessary supporting classes in classpath.
java.lang.NoClassDefFoundError: org/apache/log/format/Formatter
	at java.lang.Class.forName0(Native Method)
	at java.lang.Class.forName(Class.java:242)
	at org.apache.velocity.util.ClassUtils.getClass(ClassUtils.java:63)
	at org.apache.velocity.util.ClassUtils.getNewInstance(ClassUtils.java:95)
	at org.apache.velocity.runtime.log.LogManager.createLogChute(LogManager.java:147)
	at org.apache.velocity.runtime.log.LogManager.updateLog(LogManager.java:208)
	at org.apache.velocity.runtime.RuntimeInstance.initializeLog(RuntimeInstance.java:728)
	at org.apache.velocity.runtime.RuntimeInstance.init(RuntimeInstance.java:240)
	at org.apache.velocity.runtime.RuntimeInstance.parse(RuntimeInstance.java:993)
	at org.apache.velocity.runtime.RuntimeInstance.parse(RuntimeInstance.java:972)
	at org.apache.velocity.runtime.RuntimeSingleton.parse(RuntimeSingleton.java:265)
	at org.apache.velocity.app.Velocity.evaluate(Velocity.java:274)
	at org.sonatype.mavenbook.weather.WeatherFormatter.format(WeatherFormatter.java:21)
	at org.sonatype.mavenbook.weather.yahoo.WeatherFormatterTest.testFormat(WeatherFormatterTest.java:23)
	at sun.reflect.NativeMethodAccessorImpl.invoke0(Native Method)
	at sun.reflect.NativeMethodAccessorImpl.invoke(NativeMethodAccessorImpl.java:39)
	at sun.reflect.DelegatingMethodAccessorImpl.invoke(DelegatingMethodAccessorImpl.java:25)
	at java.lang.reflect.Method.invoke(Method.java:592)
	at junit.framework.TestCase.runTest(TestCase.java:154)
	at junit.framework.TestCase.runBare(TestCase.java:127)
	at junit.framework.TestResult$1.protect(TestResult.java:106)
	at junit.framework.TestResult.runProtected(TestResult.java:124)
	at junit.framework.TestResult.run(TestResult.java:109)
	at junit.framework.TestCase.run(TestCase.java:118)
	at junit.framework.TestSuite.runTest(TestSuite.java:208)
	at junit.framework.TestSuite.run(TestSuite.java:203)
	at sun.reflect.NativeMethodAccessorImpl.invoke0(Native Method)
	at sun.reflect.NativeMethodAccessorImpl.invoke(NativeMethodAccessorImpl.java:39)
	at sun.reflect.DelegatingMethodAccessorImpl.invoke(DelegatingMethodAccessorImpl.java:25)
	at java.lang.reflect.Method.invoke(Method.java:592)
	at org.apache.maven.surefire.junit.JUnitTestSet.execute(JUnitTestSet.java:95)
	at org.apache.maven.surefire.junit.JUnit3Provider.executeTestSet(JUnit3Provider.java:121)
	at org.apache.maven.surefire.junit.JUnit3Provider.invoke(JUnit3Provider.java:98)
	at sun.reflect.NativeMethodAccessorImpl.invoke0(Native Method)
	at sun.reflect.NativeMethodAccessorImpl.invoke(NativeMethodAccessorImpl.java:39)
	at sun.reflect.DelegatingMethodAccessorImpl.invoke(DelegatingMethodAccessorImpl.java:25)
	at java.lang.reflect.Method.invoke(Method.java:592)
	at org.apache.maven.surefire.util.ReflectionUtils.invokeMethodWithArray(ReflectionUtils.java:189)
	at org.apache.maven.surefire.booter.ProviderFactory$ProviderProxy.invoke(ProviderFactory.java:165)
	at org.apache.maven.surefire.booter.ProviderFactory.invokeProvider(ProviderFactory.java:85)
	at org.apache.maven.surefire.booter.ForkedBooter.runSuitesInProcess(ForkedBooter.java:115)
	at org.apache.maven.surefire.booter.ForkedBooter.main(ForkedBooter.java:75)
2015-10-24 21:47:30,697 - Trying to use logger class org.apache.velocity.runtime.log.Log4JLogChute
2015-10-24 21:47:30,697 - Using logger class org.apache.velocity.runtime.log.Log4JLogChute
2015-10-24 21:47:30,713 - Default ResourceManager initializing. (class org.apache.velocity.runtime.resource.ResourceManagerImpl)
2015-10-24 21:47:30,713 - ResourceLoader instantiated: org.apache.velocity.runtime.resource.loader.FileResourceLoader
2015-10-24 21:47:30,713 - Do unicode file recognition:  false
2015-10-24 21:47:30,713 - FileResourceLoader : adding path '.'
2015-10-24 21:47:30,728 - ResourceCache: initialized (class org.apache.velocity.runtime.resource.ResourceCacheImpl)
2015-10-24 21:47:30,728 - Loaded System Directive: org.apache.velocity.runtime.directive.Literal
2015-10-24 21:47:30,728 - Loaded System Directive: org.apache.velocity.runtime.directive.Macro
2015-10-24 21:47:30,728 - Loaded System Directive: org.apache.velocity.runtime.directive.Parse
2015-10-24 21:47:30,728 - Loaded System Directive: org.apache.velocity.runtime.directive.Include
2015-10-24 21:47:30,728 - Loaded System Directive: org.apache.velocity.runtime.directive.Foreach
2015-10-24 21:47:30,760 - Created '20' parsers.
2015-10-24 21:47:30,791 - Velocimacro : "velocimacro.library" is not set.  Trying default library: VM_global_library.vm
2015-10-24 21:47:30,791 - Velocimacro : Default library not found.
2015-10-24 21:47:30,791 - Velocimacro : allowInline = true : VMs can be defined inline in templates
2015-10-24 21:47:30,791 - Velocimacro : allowInlineToOverride = false : VMs defined inline may NOT replace previous VM definitions
2015-10-24 21:47:30,791 - Velocimacro : allowInlineLocal = false : VMs defined inline will be global in scope if allowed.
2015-10-24 21:47:30,791 - Velocimacro : autoload off : VM system will not automatically reload global library macros
2015-10-24 21:47:38,143 - Log4JLogChute initialized using file 'velocity.log'
2015-10-24 21:47:38,143 - Velocity was not initialized! Calling init()...
2015-10-24 21:47:38,143 - Starting Apache Velocity v1.5 (compiled: 2007-02-22 08:52:29)
2015-10-24 21:47:38,143 - Default Properties File: org\apache\velocity\runtime\defaults\velocity.properties
2015-10-24 21:47:38,143 - Trying to use logger class org.apache.velocity.runtime.log.AvalonLogChute
2015-10-24 21:47:38,159 - Couldn't find class org.apache.velocity.runtime.log.AvalonLogChute or necessary supporting classes in classpath.
java.lang.NoClassDefFoundError: org/apache/log/format/Formatter
	at java.lang.Class.forName0(Native Method)
	at java.lang.Class.forName(Class.java:242)
	at org.apache.velocity.util.ClassUtils.getClass(ClassUtils.java:63)
	at org.apache.velocity.util.ClassUtils.getNewInstance(ClassUtils.java:95)
	at org.apache.velocity.runtime.log.LogManager.createLogChute(LogManager.java:147)
	at org.apache.velocity.runtime.log.LogManager.updateLog(LogManager.java:208)
	at org.apache.velocity.runtime.RuntimeInstance.initializeLog(RuntimeInstance.java:728)
	at org.apache.velocity.runtime.RuntimeInstance.init(RuntimeInstance.java:240)
	at org.apache.velocity.runtime.RuntimeInstance.parse(RuntimeInstance.java:993)
	at org.apache.velocity.runtime.RuntimeInstance.parse(RuntimeInstance.java:972)
	at org.apache.velocity.runtime.RuntimeSingleton.parse(RuntimeSingleton.java:265)
	at org.apache.velocity.app.Velocity.evaluate(Velocity.java:274)
	at org.sonatype.mavenbook.weather.WeatherFormatter.format(WeatherFormatter.java:21)
	at org.sonatype.mavenbook.weather.yahoo.WeatherFormatterTest.testFormat(WeatherFormatterTest.java:23)
	at sun.reflect.NativeMethodAccessorImpl.invoke0(Native Method)
	at sun.reflect.NativeMethodAccessorImpl.invoke(NativeMethodAccessorImpl.java:39)
	at sun.reflect.DelegatingMethodAccessorImpl.invoke(DelegatingMethodAccessorImpl.java:25)
	at java.lang.reflect.Method.invoke(Method.java:592)
	at junit.framework.TestCase.runTest(TestCase.java:154)
	at junit.framework.TestCase.runBare(TestCase.java:127)
	at junit.framework.TestResult$1.protect(TestResult.java:106)
	at junit.framework.TestResult.runProtected(TestResult.java:124)
	at junit.framework.TestResult.run(TestResult.java:109)
	at junit.framework.TestCase.run(TestCase.java:118)
	at junit.framework.TestSuite.runTest(TestSuite.java:208)
	at junit.framework.TestSuite.run(TestSuite.java:203)
	at sun.reflect.NativeMethodAccessorImpl.invoke0(Native Method)
	at sun.reflect.NativeMethodAccessorImpl.invoke(NativeMethodAccessorImpl.java:39)
	at sun.reflect.DelegatingMethodAccessorImpl.invoke(DelegatingMethodAccessorImpl.java:25)
	at java.lang.reflect.Method.invoke(Method.java:592)
	at org.apache.maven.surefire.junit.JUnitTestSet.execute(JUnitTestSet.java:95)
	at org.apache.maven.surefire.junit.JUnit3Provider.executeTestSet(JUnit3Provider.java:121)
	at org.apache.maven.surefire.junit.JUnit3Provider.invoke(JUnit3Provider.java:98)
	at sun.reflect.NativeMethodAccessorImpl.invoke0(Native Method)
	at sun.reflect.NativeMethodAccessorImpl.invoke(NativeMethodAccessorImpl.java:39)
	at sun.reflect.DelegatingMethodAccessorImpl.invoke(DelegatingMethodAccessorImpl.java:25)
	at java.lang.reflect.Method.invoke(Method.java:592)
	at org.apache.maven.surefire.util.ReflectionUtils.invokeMethodWithArray(ReflectionUtils.java:189)
	at org.apache.maven.surefire.booter.ProviderFactory$ProviderProxy.invoke(ProviderFactory.java:165)
	at org.apache.maven.surefire.booter.ProviderFactory.invokeProvider(ProviderFactory.java:85)
	at org.apache.maven.surefire.booter.ForkedBooter.runSuitesInProcess(ForkedBooter.java:115)
	at org.apache.maven.surefire.booter.ForkedBooter.main(ForkedBooter.java:75)
2015-10-24 21:47:38,159 - Trying to use logger class org.apache.velocity.runtime.log.Log4JLogChute
2015-10-24 21:47:38,159 - Using logger class org.apache.velocity.runtime.log.Log4JLogChute
2015-10-24 21:47:38,159 - Default ResourceManager initializing. (class org.apache.velocity.runtime.resource.ResourceManagerImpl)
2015-10-24 21:47:38,159 - ResourceLoader instantiated: org.apache.velocity.runtime.resource.loader.FileResourceLoader
2015-10-24 21:47:38,159 - Do unicode file recognition:  false
2015-10-24 21:47:38,159 - FileResourceLoader : adding path '.'
2015-10-24 21:47:38,175 - ResourceCache: initialized (class org.apache.velocity.runtime.resource.ResourceCacheImpl)
2015-10-24 21:47:38,175 - Loaded System Directive: org.apache.velocity.runtime.directive.Literal
2015-10-24 21:47:38,175 - Loaded System Directive: org.apache.velocity.runtime.directive.Macro
2015-10-24 21:47:38,175 - Loaded System Directive: org.apache.velocity.runtime.directive.Parse
2015-10-24 21:47:38,190 - Loaded System Directive: org.apache.velocity.runtime.directive.Include
2015-10-24 21:47:38,190 - Loaded System Directive: org.apache.velocity.runtime.directive.Foreach
2015-10-24 21:47:38,239 - Created '20' parsers.
2015-10-24 21:47:38,255 - Velocimacro : "velocimacro.library" is not set.  Trying default library: VM_global_library.vm
2015-10-24 21:47:38,255 - Velocimacro : Default library not found.
2015-10-24 21:47:38,255 - Velocimacro : allowInline = true : VMs can be defined inline in templates
2015-10-24 21:47:38,255 - Velocimacro : allowInlineToOverride = false : VMs defined inline may NOT replace previous VM definitions
2015-10-24 21:47:38,255 - Velocimacro : allowInlineLocal = false : VMs defined inline will be global in scope if allowed.
2015-10-24 21:47:38,255 - Velocimacro : autoload off : VM system will not automatically reload global library macros
2015-10-24 21:50:36,121 - Log4JLogChute initialized using file 'velocity.log'
2015-10-24 21:50:36,121 - Velocity was not initialized! Calling init()...
2015-10-24 21:50:36,121 - Starting Apache Velocity v1.5 (compiled: 2007-02-22 08:52:29)
2015-10-24 21:50:36,121 - Default Properties File: org\apache\velocity\runtime\defaults\velocity.properties
2015-10-24 21:50:36,121 - Trying to use logger class org.apache.velocity.runtime.log.AvalonLogChute
2015-10-24 21:50:36,121 - Couldn't find class org.apache.velocity.runtime.log.AvalonLogChute or necessary supporting classes in classpath.
java.lang.NoClassDefFoundError: org/apache/log/format/Formatter
	at java.lang.Class.forName0(Native Method)
	at java.lang.Class.forName(Class.java:242)
	at org.apache.velocity.util.ClassUtils.getClass(ClassUtils.java:63)
	at org.apache.velocity.util.ClassUtils.getNewInstance(ClassUtils.java:95)
	at org.apache.velocity.runtime.log.LogManager.createLogChute(LogManager.java:147)
	at org.apache.velocity.runtime.log.LogManager.updateLog(LogManager.java:208)
	at org.apache.velocity.runtime.RuntimeInstance.initializeLog(RuntimeInstance.java:728)
	at org.apache.velocity.runtime.RuntimeInstance.init(RuntimeInstance.java:240)
	at org.apache.velocity.runtime.RuntimeInstance.parse(RuntimeInstance.java:993)
	at org.apache.velocity.runtime.RuntimeInstance.parse(RuntimeInstance.java:972)
	at org.apache.velocity.runtime.RuntimeSingleton.parse(RuntimeSingleton.java:265)
	at org.apache.velocity.app.Velocity.evaluate(Velocity.java:274)
	at org.sonatype.mavenbook.weather.WeatherFormatter.format(WeatherFormatter.java:21)
	at org.sonatype.mavenbook.weather.yahoo.WeatherFormatterTest.testFormat(WeatherFormatterTest.java:23)
	at sun.reflect.NativeMethodAccessorImpl.invoke0(Native Method)
	at sun.reflect.NativeMethodAccessorImpl.invoke(NativeMethodAccessorImpl.java:39)
	at sun.reflect.DelegatingMethodAccessorImpl.invoke(DelegatingMethodAccessorImpl.java:25)
	at java.lang.reflect.Method.invoke(Method.java:592)
	at junit.framework.TestCase.runTest(TestCase.java:154)
	at junit.framework.TestCase.runBare(TestCase.java:127)
	at junit.framework.TestResult$1.protect(TestResult.java:106)
	at junit.framework.TestResult.runProtected(TestResult.java:124)
	at junit.framework.TestResult.run(TestResult.java:109)
	at junit.framework.TestCase.run(TestCase.java:118)
	at junit.framework.TestSuite.runTest(TestSuite.java:208)
	at junit.framework.TestSuite.run(TestSuite.java:203)
	at sun.reflect.NativeMethodAccessorImpl.invoke0(Native Method)
	at sun.reflect.NativeMethodAccessorImpl.invoke(NativeMethodAccessorImpl.java:39)
	at sun.reflect.DelegatingMethodAccessorImpl.invoke(DelegatingMethodAccessorImpl.java:25)
	at java.lang.reflect.Method.invoke(Method.java:592)
	at org.apache.maven.surefire.junit.JUnitTestSet.execute(JUnitTestSet.java:95)
	at org.apache.maven.surefire.junit.JUnit3Provider.executeTestSet(JUnit3Provider.java:121)
	at org.apache.maven.surefire.junit.JUnit3Provider.invoke(JUnit3Provider.java:98)
	at sun.reflect.NativeMethodAccessorImpl.invoke0(Native Method)
	at sun.reflect.NativeMethodAccessorImpl.invoke(NativeMethodAccessorImpl.java:39)
	at sun.reflect.DelegatingMethodAccessorImpl.invoke(DelegatingMethodAccessorImpl.java:25)
	at java.lang.reflect.Method.invoke(Method.java:592)
	at org.apache.maven.surefire.util.ReflectionUtils.invokeMethodWithArray(ReflectionUtils.java:189)
	at org.apache.maven.surefire.booter.ProviderFactory$ProviderProxy.invoke(ProviderFactory.java:165)
	at org.apache.maven.surefire.booter.ProviderFactory.invokeProvider(ProviderFactory.java:85)
	at org.apache.maven.surefire.booter.ForkedBooter.runSuitesInProcess(ForkedBooter.java:115)
	at org.apache.maven.surefire.booter.ForkedBooter.main(ForkedBooter.java:75)
2015-10-24 21:50:36,121 - Trying to use logger class org.apache.velocity.runtime.log.Log4JLogChute
2015-10-24 21:50:36,121 - Using logger class org.apache.velocity.runtime.log.Log4JLogChute
2015-10-24 21:50:36,137 - Default ResourceManager initializing. (class org.apache.velocity.runtime.resource.ResourceManagerImpl)
2015-10-24 21:50:36,137 - ResourceLoader instantiated: org.apache.velocity.runtime.resource.loader.FileResourceLoader
2015-10-24 21:50:36,137 - Do unicode file recognition:  false
2015-10-24 21:50:36,137 - FileResourceLoader : adding path '.'
2015-10-24 21:50:36,137 - ResourceCache: initialized (class org.apache.velocity.runtime.resource.ResourceCacheImpl)
2015-10-24 21:50:36,153 - Loaded System Directive: org.apache.velocity.runtime.directive.Literal
2015-10-24 21:50:36,153 - Loaded System Directive: org.apache.velocity.runtime.directive.Macro
2015-10-24 21:50:36,153 - Loaded System Directive: org.apache.velocity.runtime.directive.Parse
2015-10-24 21:50:36,153 - Loaded System Directive: org.apache.velocity.runtime.directive.Include
2015-10-24 21:50:36,153 - Loaded System Directive: org.apache.velocity.runtime.directive.Foreach
2015-10-24 21:50:36,184 - Created '20' parsers.
2015-10-24 21:50:36,200 - Velocimacro : "velocimacro.library" is not set.  Trying default library: VM_global_library.vm
2015-10-24 21:50:36,200 - Velocimacro : Default library not found.
2015-10-24 21:50:36,200 - Velocimacro : allowInline = true : VMs can be defined inline in templates
2015-10-24 21:50:36,200 - Velocimacro : allowInlineToOverride = false : VMs defined inline may NOT replace previous VM definitions
2015-10-24 21:50:36,200 - Velocimacro : allowInlineLocal = false : VMs defined inline will be global in scope if allowed.
2015-10-24 21:50:36,200 - Velocimacro : autoload off : VM system will not automatically reload global library macros
